{"time":"2025-10-20T00:10:25.062155413+06:00","level":"INFO","source":{"function":"main.main","file":"/media/rupok/New Volume/Pratice/GO_Learning/GoLang/main.go","line":12},"msg":"Application Started"}
{"time":"2025-10-20T00:10:33.54010818+06:00","level":"INFO","source":{"function":"ecommerce/rest/handlers/product_handler.(*Handler).CreateProduct","file":"/media/rupok/New Volume/Pratice/GO_Learning/GoLang/rest/handlers/product_handler/createProduct.go","line":44},"msg":"Product Created"}
{"time":"2025-10-20T00:10:33.540567997+06:00","level":"INFO","msg":"POST /products 52.473374ms"}
{"time":"2025-10-20T00:12:30.701559502+06:00","level":"INFO","source":{"function":"ecommerce/rest/handlers/product_handler.(*Handler).CreateProduct","file":"/media/rupok/New Volume/Pratice/GO_Learning/GoLang/rest/handlers/product_handler/createProduct.go","line":44},"msg":"Product Created"}
{"time":"2025-10-20T00:12:30.701812448+06:00","level":"INFO","msg":"POST /products 72.898151ms"}
{"time":"2025-10-20T00:15:03.146558246+06:00","level":"INFO","source":{"function":"ecommerce/rest/handlers/product_handler.(*Handler).CreateProduct","file":"/media/rupok/New Volume/Pratice/GO_Learning/GoLang/rest/handlers/product_handler/createProduct.go","line":44},"msg":"Product Created"}
{"time":"2025-10-20T00:15:03.146994762+06:00","level":"INFO","msg":"POST /products 5.23423ms"}
{"time":"2025-10-20T00:22:14.681976351+06:00","level":"INFO","source":{"function":"main.main","file":"/media/rupok/New Volume/Pratice/GO_Learning/GoLang/main.go","line":12},"msg":"Application Started"}
{"time":"2025-10-20T00:22:23.825786494+06:00","level":"INFO","source":{"function":"ecommerce/rest/handlers/product_handler.(*Handler).CreateProduct","file":"/media/rupok/New Volume/Pratice/GO_Learning/GoLang/rest/handlers/product_handler/createProduct.go","line":44},"msg":"Product Created"}
{"time":"2025-10-20T00:22:23.826133606+06:00","level":"INFO","msg":"POST /products 9.882517ms"}
{"time":"2025-10-20T00:22:25.731734684+06:00","level":"INFO","source":{"function":"ecommerce/rest/handlers/product_handler.(*Handler).CreateProduct","file":"/media/rupok/New Volume/Pratice/GO_Learning/GoLang/rest/handlers/product_handler/createProduct.go","line":44},"msg":"Product Created"}
{"time":"2025-10-20T00:22:25.731940745+06:00","level":"INFO","msg":"POST /products 4.944067ms"}
{"time":"2025-10-20T01:11:13.930700243+06:00","level":"INFO","source":{"function":"main.main","file":"/media/rupok/New Volume/Pratice/GO_Learning/GoLang/main.go","line":12},"msg":"Application Started"}
{"time":"2025-10-20T16:38:35.457225379+06:00","level":"INFO","source":{"function":"main.main","file":"/media/rupok/New Volume1/Pratice/GO_Learning/GoLang/main.go","line":12},"msg":"Application Started"}
{"time":"2025-10-20T16:41:02.016723892+06:00","level":"INFO","msg":"GET /users 49.621922ms"}
{"time":"2025-10-20T16:42:15.108015806+06:00","level":"INFO","msg":"GET /users/login 38.131025ms"}
{"time":"2025-10-20T16:42:31.08656291+06:00","level":"INFO","msg":"GET /users/login 11.931µs"}
{"time":"2025-10-20T16:43:03.922523691+06:00","level":"INFO","msg":"POST /users/login 184.543536ms"}
{"time":"2025-10-20T16:46:17.254026517+06:00","level":"INFO","msg":"POST /products 5.155084ms"}
{"time":"2025-10-20T16:46:49.032775018+06:00","level":"INFO","msg":"POST /products 35.638µs"}
{"time":"2025-10-20T16:47:09.827414037+06:00","level":"INFO","msg":"POST /products 53.832µs"}
{"time":"2025-10-20T16:47:26.717816659+06:00","level":"INFO","msg":"POST /products 51.787µs"}
{"time":"2025-10-20T16:47:58.433178017+06:00","level":"INFO","source":{"function":"ecommerce/rest/handlers/product_handler.(*Handler).CreateProduct","file":"/media/rupok/New Volume1/Pratice/GO_Learning/GoLang/rest/handlers/product_handler/createProduct.go","line":44},"msg":"Product Created"}
{"time":"2025-10-20T16:47:58.43518414+06:00","level":"INFO","msg":"POST /products 42.066917ms"}
{"time":"2025-10-20T16:48:06.249649898+06:00","level":"INFO","msg":"GET /products 96.743728ms"}
