{"time":"2025-10-19T12:30:22.168884553+06:00","level":"INFO","source":{"function":"main.main","file":"/media/rupok/New Volume/Pratice/GO_Learning/GoLang/main.go","line":12},"msg":"Application Started"}
{"time":"2025-10-19T16:48:28.093438685+06:00","level":"INFO","source":{"function":"main.main","file":"/media/rupok/New Volume/Pratice/GO_Learning/GoLang/main.go","line":12},"msg":"Application Started"}
{"time":"2025-10-19T16:48:57.86286746+06:00","level":"INFO","source":{"function":"ecommerce/rest/handlers/product_handler.(*Handler).CreateProduct","file":"/media/rupok/New Volume/Pratice/GO_Learning/GoLang/rest/handlers/product_handler/createProduct.go","line":44},"msg":"Product Created"}
{"time":"2025-10-19T16:48:57.884866368+06:00","level":"INFO","msg":"POST /products 45.331407ms"}
{"time":"2025-10-19T16:49:19.737149396+06:00","level":"INFO","source":{"function":"ecommerce/rest/handlers/product_handler.(*Handler).DeleteProduct","file":"/media/rupok/New Volume/Pratice/GO_Learning/GoLang/rest/handlers/product_handler/deleteProduct.go","line":26},"msg":"Product Deleted"}
{"time":"2025-10-19T16:49:19.737417355+06:00","level":"INFO","msg":"DELETE /products/100029 13.936572ms"}
{"time":"2025-10-19T18:26:35.543001007+06:00","level":"INFO","source":{"function":"main.main","file":"/media/rupok/New Volume/Pratice/GO_Learning/GoLang/main.go","line":12},"msg":"Application Started"}
{"time":"2025-10-19T18:27:29.820819225+06:00","level":"INFO","source":{"function":"ecommerce/rest/handlers/product_handler.(*Handler).CreateProduct","file":"/media/rupok/New Volume/Pratice/GO_Learning/GoLang/rest/handlers/product_handler/createProduct.go","line":44},"msg":"Product Created"}
{"time":"2025-10-19T18:27:29.82235772+06:00","level":"INFO","msg":"POST /products 52.989775ms"}
{"time":"2025-10-19T19:29:33.484248226+06:00","level":"INFO","source":{"function":"main.main","file":"/media/rupok/New Volume/Pratice/GO_Learning/GoLang/main.go","line":12},"msg":"Application Started"}
{"time":"2025-10-19T19:29:38.466590521+06:00","level":"INFO","source":{"function":"ecommerce/rest/handlers/product_handler.(*Handler).CreateProduct","file":"/media/rupok/New Volume/Pratice/GO_Learning/GoLang/rest/handlers/product_handler/createProduct.go","line":44},"msg":"Product Created"}
{"time":"2025-10-19T19:29:38.466834222+06:00","level":"INFO","msg":"POST /products 10.417624ms"}
{"time":"2025-10-19T19:29:41.220342459+06:00","level":"INFO","source":{"function":"ecommerce/rest/handlers/product_handler.(*Handler).CreateProduct","file":"/media/rupok/New Volume/Pratice/GO_Learning/GoLang/rest/handlers/product_handler/createProduct.go","line":44},"msg":"Product Created"}
{"time":"2025-10-19T19:29:41.220514743+06:00","level":"INFO","msg":"POST /products 4.59903ms"}
{"time":"2025-10-19T19:44:23.36003676+06:00","level":"INFO","source":{"function":"main.main","file":"/media/rupok/New Volume/Pratice/GO_Learning/GoLang/main.go","line":12},"msg":"Application Started"}
{"time":"2025-10-19T19:44:28.547774163+06:00","level":"INFO","source":{"function":"ecommerce/rest/handlers/product_handler.(*Handler).CreateProduct","file":"/media/rupok/New Volume/Pratice/GO_Learning/GoLang/rest/handlers/product_handler/createProduct.go","line":44},"msg":"Product Created"}
{"time":"2025-10-19T19:44:28.548112041+06:00","level":"INFO","msg":"POST /products 10.303125ms"}
{"time":"2025-10-19T19:44:33.576307544+06:00","level":"INFO","msg":"GET /products 38.586428ms"}
{"time":"2025-10-19T19:44:37.847292604+06:00","level":"INFO","msg":"GET /products 27.497586ms"}
{"time":"2025-10-19T19:44:47.794228083+06:00","level":"INFO","source":{"function":"ecommerce/rest/handlers/product_handler.(*Handler).DeleteProduct","file":"/media/rupok/New Volume/Pratice/GO_Learning/GoLang/rest/handlers/product_handler/deleteProduct.go","line":26},"msg":"Product Deleted"}
{"time":"2025-10-19T19:44:47.795717037+06:00","level":"INFO","msg":"DELETE /products/100 12.804078ms"}
{"time":"2025-10-19T19:44:56.17598394+06:00","level":"INFO","source":{"function":"ecommerce/rest/handlers/product_handler.(*Handler).CreateProduct","file":"/media/rupok/New Volume/Pratice/GO_Learning/GoLang/rest/handlers/product_handler/createProduct.go","line":44},"msg":"Product Created"}
{"time":"2025-10-19T19:44:56.176233872+06:00","level":"INFO","msg":"POST /products 4.754959ms"}
{"time":"2025-10-19T23:44:01.95521732+06:00","level":"INFO","source":{"function":"main.main","file":"/media/rupok/New Volume/Pratice/GO_Learning/GoLang/main.go","line":12},"msg":"Application Started"}
{"time":"2025-10-19T23:55:50.428503305+06:00","level":"INFO","source":{"function":"main.main","file":"/media/rupok/New Volume/Pratice/GO_Learning/GoLang/main.go","line":12},"msg":"Application Started"}
{"time":"2025-10-19T23:56:16.194446076+06:00","level":"INFO","source":{"function":"ecommerce/rest/handlers/product_handler.(*Handler).CreateProduct","file":"/media/rupok/New Volume/Pratice/GO_Learning/GoLang/rest/handlers/product_handler/createProduct.go","line":44},"msg":"Product Created"}
{"time":"2025-10-19T23:56:16.195562762+06:00","level":"INFO","msg":"POST /products 37.316737ms"}
